生成启动时间为 2016/3/25 10:03:12。
     1>项目“E:\cProgram\sort\thread\thread.vcxproj”在节点 2 上(build 个目标)。
     1>InitializeBuildStatus:
         正在创建“Debug\thread.unsuccessfulbuild”，因为已指定“AlwaysCreate”。
       ClCompile:
         所有输出均为最新。
         d:\vs2010\VC\bin\CL.exe /c /ZI /nologo /W3 /WX- /Od /Oy- /D WIN32 /D _DEBUG /D _CONSOLE /D _UNICODE /D UNICODE /Gm /EHsc /RTC1 /MDd /GS /fp:precise /Zc:wchar_t /Zc:forScope /Yu"StdAfx.h" /Fp"Debug\thread.pch" /Fo"Debug\\" /Fd"Debug\vc100.pdb" /Gd /TP /analyze- /errorReport:prompt thread.cpp
         thread.cpp
       ManifestResourceCompile:
         所有输出均为最新。
       Link:
         d:\vs2010\VC\bin\link.exe /ERRORREPORT:PROMPT /OUT:"E:\cProgram\sort\Debug\thread.exe" /INCREMENTAL /NOLOGO kernel32.lib user32.lib gdi32.lib winspool.lib comdlg32.lib advapi32.lib shell32.lib ole32.lib oleaut32.lib uuid.lib odbc32.lib odbccp32.lib /MANIFEST /ManifestFile:"Debug\thread.exe.intermediate.manifest" /MANIFESTUAC:"level='asInvoker' uiAccess='false'" /DEBUG /PDB:"E:\cProgram\sort\Debug\thread.pdb" /SUBSYSTEM:CONSOLE /TLBID:1 /DYNAMICBASE /NXCOMPAT /IMPLIB:"E:\cProgram\sort\Debug\thread.lib" /MACHINE:X86 Debug\thread.exe.embed.manifest.res
         Debug\stdafx.obj
         Debug\thread.obj
       Manifest:
         C:\Program Files\Microsoft SDKs\Windows\v7.0A\bin\mt.exe /nologo /verbose /out:"Debug\thread.exe.embed.manifest" /manifest Debug\thread.exe.intermediate.manifest
         所有输出均为最新。
       LinkEmbedManifest:
         所有输出均为最新。
         thread.vcxproj -> E:\cProgram\sort\Debug\thread.exe
       FinalizeBuildStatus:
         正在删除文件“Debug\thread.unsuccessfulbuild”。
         正在对“Debug\thread.lastbuildstate”执行 Touch 任务。
     1>已完成生成项目“E:\cProgram\sort\thread\thread.vcxproj”(build 个目标)的操作。

生成成功。

已用时间 00:00:01.55
