生成启动时间为 2016/3/24 15:58:17。
     1>项目“E:\cProgram\sort\list\list.vcxproj”在节点 2 上(build 个目标)。
     1>InitializeBuildStatus:
         正在创建“Debug\list.unsuccessfulbuild”，因为已指定“AlwaysCreate”。
       ClCompile:
         所有输出均为最新。
         d:\vs2010\VC\bin\CL.exe /c /ZI /nologo /W3 /WX- /Od /Oy- /D WIN32 /D _DEBUG /D _CONSOLE /D _UNICODE /D UNICODE /Gm /EHsc /RTC1 /MDd /GS /fp:precise /Zc:wchar_t /Zc:forScope /Yu"StdAfx.h" /Fp"Debug\list.pch" /Fo"Debug\\" /Fd"Debug\vc100.pdb" /Gd /TP /analyze- /errorReport:prompt list.cpp
         list.cpp
     1>e:\cprogram\sort\list\list.cpp(20): warning C4996: 'scanf': This function or variable may be unsafe. Consider using scanf_s instead. To disable deprecation, use _CRT_SECURE_NO_WARNINGS. See online help for details.
                 d:\vs2010\vc\include\stdio.h(304) : 参见“scanf”的声明
     1>e:\cprogram\sort\list\list.cpp(34): warning C4996: 'scanf': This function or variable may be unsafe. Consider using scanf_s instead. To disable deprecation, use _CRT_SECURE_NO_WARNINGS. See online help for details.
                 d:\vs2010\vc\include\stdio.h(304) : 参见“scanf”的声明
     1>e:\cprogram\sort\list\list.cpp(82): warning C4101: “q”: 未引用的局部变量
       ManifestResourceCompile:
         所有输出均为最新。
       Link:
         d:\vs2010\VC\bin\link.exe /ERRORREPORT:PROMPT /OUT:"E:\cProgram\sort\Debug\list.exe" /INCREMENTAL /NOLOGO kernel32.lib user32.lib gdi32.lib winspool.lib comdlg32.lib advapi32.lib shell32.lib ole32.lib oleaut32.lib uuid.lib odbc32.lib odbccp32.lib /MANIFEST /ManifestFile:"Debug\list.exe.intermediate.manifest" /MANIFESTUAC:"level='asInvoker' uiAccess='false'" /DEBUG /PDB:"E:\cProgram\sort\Debug\list.pdb" /SUBSYSTEM:CONSOLE /TLBID:1 /DYNAMICBASE /NXCOMPAT /IMPLIB:"E:\cProgram\sort\Debug\list.lib" /MACHINE:X86 Debug\list.exe.embed.manifest.res
         Debug\list.obj
         Debug\stdafx.obj
       Manifest:
         C:\Program Files\Microsoft SDKs\Windows\v7.0A\bin\mt.exe /nologo /verbose /out:"Debug\list.exe.embed.manifest" /manifest Debug\list.exe.intermediate.manifest
         所有输出均为最新。
       LinkEmbedManifest:
         所有输出均为最新。
         list.vcxproj -> E:\cProgram\sort\Debug\list.exe
       FinalizeBuildStatus:
         正在删除文件“Debug\list.unsuccessfulbuild”。
         正在对“Debug\list.lastbuildstate”执行 Touch 任务。
     1>已完成生成项目“E:\cProgram\sort\list\list.vcxproj”(build 个目标)的操作。

生成成功。

已用时间 00:00:01.25
